  소스.c
c:\users\taewoo\source\repos\포켓몬스터\포켓몬스터\소스.c(39): warning C4996: 'strcpy': This function or variable may be unsafe. Consider using strcpy_s instead. To disable deprecation, use _CRT_SECURE_NO_WARNINGS. See online help for details.
  c:\program files (x86)\windows kits\10\include\10.0.16299.0\ucrt\string.h(132): note: 'strcpy' 선언을 참조하십시오.
c:\users\taewoo\source\repos\포켓몬스터\포켓몬스터\소스.c(40): warning C4996: 'strcpy': This function or variable may be unsafe. Consider using strcpy_s instead. To disable deprecation, use _CRT_SECURE_NO_WARNINGS. See online help for details.
  c:\program files (x86)\windows kits\10\include\10.0.16299.0\ucrt\string.h(132): note: 'strcpy' 선언을 참조하십시오.
c:\users\taewoo\source\repos\포켓몬스터\포켓몬스터\소스.c(87): warning C4996: 'strcpy': This function or variable may be unsafe. Consider using strcpy_s instead. To disable deprecation, use _CRT_SECURE_NO_WARNINGS. See online help for details.
  c:\program files (x86)\windows kits\10\include\10.0.16299.0\ucrt\string.h(132): note: 'strcpy' 선언을 참조하십시오.
c:\users\taewoo\source\repos\포켓몬스터\포켓몬스터\소스.c(88): warning C4996: 'strcpy': This function or variable may be unsafe. Consider using strcpy_s instead. To disable deprecation, use _CRT_SECURE_NO_WARNINGS. See online help for details.
  c:\program files (x86)\windows kits\10\include\10.0.16299.0\ucrt\string.h(132): note: 'strcpy' 선언을 참조하십시오.
c:\users\taewoo\source\repos\포켓몬스터\포켓몬스터\소스.c(89): warning C4996: 'strcpy': This function or variable may be unsafe. Consider using strcpy_s instead. To disable deprecation, use _CRT_SECURE_NO_WARNINGS. See online help for details.
  c:\program files (x86)\windows kits\10\include\10.0.16299.0\ucrt\string.h(132): note: 'strcpy' 선언을 참조하십시오.
c:\users\taewoo\source\repos\포켓몬스터\포켓몬스터\소스.c(99): warning C4996: 'strcpy': This function or variable may be unsafe. Consider using strcpy_s instead. To disable deprecation, use _CRT_SECURE_NO_WARNINGS. See online help for details.
  c:\program files (x86)\windows kits\10\include\10.0.16299.0\ucrt\string.h(132): note: 'strcpy' 선언을 참조하십시오.
c:\users\taewoo\source\repos\포켓몬스터\포켓몬스터\소스.c(100): warning C4996: 'strcpy': This function or variable may be unsafe. Consider using strcpy_s instead. To disable deprecation, use _CRT_SECURE_NO_WARNINGS. See online help for details.
  c:\program files (x86)\windows kits\10\include\10.0.16299.0\ucrt\string.h(132): note: 'strcpy' 선언을 참조하십시오.
c:\users\taewoo\source\repos\포켓몬스터\포켓몬스터\소스.c(101): warning C4996: 'strcpy': This function or variable may be unsafe. Consider using strcpy_s instead. To disable deprecation, use _CRT_SECURE_NO_WARNINGS. See online help for details.
  c:\program files (x86)\windows kits\10\include\10.0.16299.0\ucrt\string.h(132): note: 'strcpy' 선언을 참조하십시오.
c:\users\taewoo\source\repos\포켓몬스터\포켓몬스터\소스.c(112): warning C4996: 'strcpy': This function or variable may be unsafe. Consider using strcpy_s instead. To disable deprecation, use _CRT_SECURE_NO_WARNINGS. See online help for details.
  c:\program files (x86)\windows kits\10\include\10.0.16299.0\ucrt\string.h(132): note: 'strcpy' 선언을 참조하십시오.
c:\users\taewoo\source\repos\포켓몬스터\포켓몬스터\소스.c(113): warning C4996: 'strcpy': This function or variable may be unsafe. Consider using strcpy_s instead. To disable deprecation, use _CRT_SECURE_NO_WARNINGS. See online help for details.
  c:\program files (x86)\windows kits\10\include\10.0.16299.0\ucrt\string.h(132): note: 'strcpy' 선언을 참조하십시오.
c:\users\taewoo\source\repos\포켓몬스터\포켓몬스터\소스.c(114): warning C4996: 'strcpy': This function or variable may be unsafe. Consider using strcpy_s instead. To disable deprecation, use _CRT_SECURE_NO_WARNINGS. See online help for details.
  c:\program files (x86)\windows kits\10\include\10.0.16299.0\ucrt\string.h(132): note: 'strcpy' 선언을 참조하십시오.
c:\users\taewoo\source\repos\포켓몬스터\포켓몬스터\소스.c(159): warning C4047: '초기화 중': 'char'의 간접 참조 수준이 'char *'과(와) 다릅니다.
c:\users\taewoo\source\repos\포켓몬스터\포켓몬스터\소스.c(160): warning C4047: '초기화 중': 'char'의 간접 참조 수준이 'char *'과(와) 다릅니다.
c:\users\taewoo\source\repos\포켓몬스터\포켓몬스터\소스.c(268): warning C4244: '=': 'double'에서 'int'(으)로 변환하면서 데이터가 손실될 수 있습니다.
c:\users\taewoo\source\repos\포켓몬스터\포켓몬스터\소스.c(273): warning C4244: '=': 'double'에서 'int'(으)로 변환하면서 데이터가 손실될 수 있습니다.
c:\users\taewoo\source\repos\포켓몬스터\포켓몬스터\소스.c(286): warning C4013: 'display_mypoketmon'이(가) 정의되지 않았습니다. extern은 int형을 반환하는 것으로 간주합니다.
c:\users\taewoo\source\repos\포켓몬스터\포켓몬스터\소스.c(296): warning C4013: 'mypoketmonlist_call'이(가) 정의되지 않았습니다. extern은 int형을 반환하는 것으로 간주합니다.
c:\users\taewoo\source\repos\포켓몬스터\포켓몬스터\소스.c(296): warning C4047: '=': 'Mymonster *'의 간접 참조 수준이 'int'과(와) 다릅니다.
c:\users\taewoo\source\repos\포켓몬스터\포켓몬스터\소스.c(331): warning C4244: '=': 'double'에서 'int'(으)로 변환하면서 데이터가 손실될 수 있습니다.
c:\users\taewoo\source\repos\포켓몬스터\포켓몬스터\소스.c(377): warning C4244: '=': 'double'에서 'int'(으)로 변환하면서 데이터가 손실될 수 있습니다.
c:\users\taewoo\source\repos\포켓몬스터\포켓몬스터\소스.c(267): warning C4477: 'printf' : 서식 문자열 '%d'에 'int' 형식의 인수가 필요하지만 variadic 인수 1의 형식이 'double'입니다.
c:\users\taewoo\source\repos\포켓몬스터\포켓몬스터\소스.c(272): warning C4477: 'printf' : 서식 문자열 '%d'에 'int' 형식의 인수가 필요하지만 variadic 인수 1의 형식이 'double'입니다.
c:\users\taewoo\source\repos\포켓몬스터\포켓몬스터\소스.c(281): warning C4996: 'scanf': This function or variable may be unsafe. Consider using scanf_s instead. To disable deprecation, use _CRT_SECURE_NO_WARNINGS. See online help for details.
  c:\program files (x86)\windows kits\10\include\10.0.16299.0\ucrt\stdio.h(1272): note: 'scanf' 선언을 참조하십시오.
c:\users\taewoo\source\repos\포켓몬스터\포켓몬스터\소스.c(295): warning C4996: 'scanf': This function or variable may be unsafe. Consider using scanf_s instead. To disable deprecation, use _CRT_SECURE_NO_WARNINGS. See online help for details.
  c:\program files (x86)\windows kits\10\include\10.0.16299.0\ucrt\stdio.h(1272): note: 'scanf' 선언을 참조하십시오.
c:\users\taewoo\source\repos\포켓몬스터\포켓몬스터\소스.c(330): warning C4477: 'printf' : 서식 문자열 '%d'에 'int' 형식의 인수가 필요하지만 variadic 인수 1의 형식이 'double'입니다.
c:\users\taewoo\source\repos\포켓몬스터\포켓몬스터\소스.c(344): warning C4996: 'scanf': This function or variable may be unsafe. Consider using scanf_s instead. To disable deprecation, use _CRT_SECURE_NO_WARNINGS. See online help for details.
  c:\program files (x86)\windows kits\10\include\10.0.16299.0\ucrt\stdio.h(1272): note: 'scanf' 선언을 참조하십시오.
c:\users\taewoo\source\repos\포켓몬스터\포켓몬스터\소스.c(376): warning C4477: 'printf' : 서식 문자열 '%d'에 'int' 형식의 인수가 필요하지만 variadic 인수 1의 형식이 'double'입니다.
c:\users\taewoo\source\repos\포켓몬스터\포켓몬스터\소스.c(390): warning C4996: 'scanf': This function or variable may be unsafe. Consider using scanf_s instead. To disable deprecation, use _CRT_SECURE_NO_WARNINGS. See online help for details.
  c:\program files (x86)\windows kits\10\include\10.0.16299.0\ucrt\stdio.h(1272): note: 'scanf' 선언을 참조하십시오.
c:\users\taewoo\source\repos\포켓몬스터\포켓몬스터\소스.c(250): warning C4101: 'poket_number' :참조되지 않은 지역 변수입니다.
c:\users\taewoo\source\repos\포켓몬스터\포켓몬스터\소스.c(436): warning C4996: 'scanf': This function or variable may be unsafe. Consider using scanf_s instead. To disable deprecation, use _CRT_SECURE_NO_WARNINGS. See online help for details.
  c:\program files (x86)\windows kits\10\include\10.0.16299.0\ucrt\stdio.h(1272): note: 'scanf' 선언을 참조하십시오.
c:\users\taewoo\source\repos\포켓몬스터\포켓몬스터\소스.c(479): warning C4996: 'scanf': This function or variable may be unsafe. Consider using scanf_s instead. To disable deprecation, use _CRT_SECURE_NO_WARNINGS. See online help for details.
  c:\program files (x86)\windows kits\10\include\10.0.16299.0\ucrt\stdio.h(1272): note: 'scanf' 선언을 참조하십시오.
c:\users\taewoo\source\repos\포켓몬스터\포켓몬스터\소스.c(491): warning C4996: 'scanf': This function or variable may be unsafe. Consider using scanf_s instead. To disable deprecation, use _CRT_SECURE_NO_WARNINGS. See online help for details.
  c:\program files (x86)\windows kits\10\include\10.0.16299.0\ucrt\stdio.h(1272): note: 'scanf' 선언을 참조하십시오.
c:\users\taewoo\source\repos\포켓몬스터\포켓몬스터\소스.c(512): warning C4996: 'scanf': This function or variable may be unsafe. Consider using scanf_s instead. To disable deprecation, use _CRT_SECURE_NO_WARNINGS. See online help for details.
  c:\program files (x86)\windows kits\10\include\10.0.16299.0\ucrt\stdio.h(1272): note: 'scanf' 선언을 참조하십시오.
c:\users\taewoo\source\repos\포켓몬스터\포켓몬스터\소스.c(537): error C2040: 'mypoketmonlist_call': 'Mymonster *(Mymonster **,int *,int)'의 간접 참조 수준이 'int ()'과(와) 다릅니다.
c:\users\taewoo\source\repos\포켓몬스터\포켓몬스터\소스.c(557): warning C4047: '=': 'Mymonster *'의 간접 참조 수준이 'Mymonster **'과(와) 다릅니다.
c:\users\taewoo\source\repos\포켓몬스터\포켓몬스터\소스.c(618): warning C4047: '함수': 'Mymonster **'의 간접 참조 수준이 'Mymonster [6]'과(와) 다릅니다.
c:\users\taewoo\source\repos\포켓몬스터\포켓몬스터\소스.c(618): warning C4024: 'mypoketmonlist_insert': 형식 및 실제 매개 변수 1의 형식이 서로 다릅니다.
c:\users\taewoo\source\repos\포켓몬스터\포켓몬스터\소스.c(647): warning C4047: '함수': 'Mymonster **'의 간접 참조 수준이 'Mymonster [6]'과(와) 다릅니다.
c:\users\taewoo\source\repos\포켓몬스터\포켓몬스터\소스.c(647): warning C4024: 'travel_mymonster': 형식 및 실제 매개 변수 1의 형식이 서로 다릅니다.
c:\users\taewoo\source\repos\포켓몬스터\포켓몬스터\소스.c(596): warning C4996: 'fopen': This function or variable may be unsafe. Consider using fopen_s instead. To disable deprecation, use _CRT_SECURE_NO_WARNINGS. See online help for details.
  c:\program files (x86)\windows kits\10\include\10.0.16299.0\ucrt\stdio.h(207): note: 'fopen' 선언을 참조하십시오.
c:\users\taewoo\source\repos\포켓몬스터\포켓몬스터\소스.c(600): warning C4996: 'fscanf': This function or variable may be unsafe. Consider using fscanf_s instead. To disable deprecation, use _CRT_SECURE_NO_WARNINGS. See online help for details.
  c:\program files (x86)\windows kits\10\include\10.0.16299.0\ucrt\stdio.h(1195): note: 'fscanf' 선언을 참조하십시오.
c:\users\taewoo\source\repos\포켓몬스터\포켓몬스터\소스.c(606): warning C4477: 'fscanf' : 서식 문자열 '%d'에 'int *' 형식의 인수가 필요하지만 variadic 인수 3의 형식이 'int'입니다.
c:\users\taewoo\source\repos\포켓몬스터\포켓몬스터\소스.c(606): warning C4477: 'fscanf' : 서식 문자열 '%d'에 'int *' 형식의 인수가 필요하지만 variadic 인수 4의 형식이 'int'입니다.
c:\users\taewoo\source\repos\포켓몬스터\포켓몬스터\소스.c(606): warning C4996: 'fscanf': This function or variable may be unsafe. Consider using fscanf_s instead. To disable deprecation, use _CRT_SECURE_NO_WARNINGS. See online help for details.
  c:\program files (x86)\windows kits\10\include\10.0.16299.0\ucrt\stdio.h(1195): note: 'fscanf' 선언을 참조하십시오.
c:\users\taewoo\source\repos\포켓몬스터\포켓몬스터\소스.c(632): warning C4996: 'scanf': This function or variable may be unsafe. Consider using scanf_s instead. To disable deprecation, use _CRT_SECURE_NO_WARNINGS. See online help for details.
  c:\program files (x86)\windows kits\10\include\10.0.16299.0\ucrt\stdio.h(1272): note: 'scanf' 선언을 참조하십시오.
c:\users\taewoo\source\repos\포켓몬스터\포켓몬스터\소스.c(641): warning C4996: 'scanf': This function or variable may be unsafe. Consider using scanf_s instead. To disable deprecation, use _CRT_SECURE_NO_WARNINGS. See online help for details.
  c:\program files (x86)\windows kits\10\include\10.0.16299.0\ucrt\stdio.h(1272): note: 'scanf' 선언을 참조하십시오.
